<?xml version="1.0" encoding="UTF-8"?>
<!-- Generated by org.testng.reporters.JUnitReportReporter -->
<testsuite hostname="DESKTOP-R9Q4SS2" failures="0" tests="19" name="runner.Testrunner" time="314.682" errors="0" timestamp="2022-07-04T22:20:12 EDT" skipped="0">
  <testcase classname="runner.Testrunner" name="runScenario" time="19.757"/>
  <system-out/>
  <testcase classname="runner.Testrunner" name="runScenario" time="21.350"/>
  <system-out/>
  <testcase classname="runner.Testrunner" name="runScenario" time="15.992"/>
  <system-out/>
  <testcase classname="runner.Testrunner" name="runScenario" time="15.185"/>
  <system-out/>
  <testcase classname="runner.Testrunner" name="runScenario" time="18.879"/>
  <system-out/>
  <testcase classname="runner.Testrunner" name="runScenario" time="16.552"/>
  <system-out/>
  <testcase classname="runner.Testrunner" name="runScenario" time="11.073"/>
  <system-out/>
  <testcase classname="runner.Testrunner" name="runScenario" time="12.721"/>
  <system-out/>
  <testcase classname="runner.Testrunner" name="runScenario" time="12.858"/>
  <system-out/>
  <testcase classname="runner.Testrunner" name="runScenario" time="14.807"/>
  <system-out/>
  <testcase classname="runner.Testrunner" name="runScenario" time="12.845"/>
  <system-out/>
  <testcase classname="runner.Testrunner" name="runScenario" time="20.696"/>
  <system-out/>
  <testcase classname="runner.Testrunner" name="runScenario" time="18.459"/>
  <system-out/>
  <testcase classname="runner.Testrunner" name="runScenario" time="13.862"/>
  <system-out/>
  <testcase classname="runner.Testrunner" name="runScenario" time="21.040"/>
  <system-out/>
  <testcase classname="runner.Testrunner" name="runScenario" time="18.482"/>
  <system-out/>
  <testcase classname="runner.Testrunner" name="runScenario" time="14.243"/>
  <system-out/>
  <testcase classname="runner.Testrunner" name="runScenario" time="20.198"/>
  <system-out/>
  <testcase classname="runner.Testrunner" name="runScenario" time="15.683"/>
  <system-out/>
</testsuite> <!-- runner.Testrunner -->
